           _                 _    
  __ _  __| |_ __ __ _ _ __ | |_  
 / _` |/ _` | '__/ _` | '_ \| __| 
| (_| | (_| | | | (_| | | | | |_  
 \__, |\__,_|_|  \__,_|_| |_|\__| 
    |_|                           

Version: 1.11.4, build: d8b6e4a0
Access web UI at http://localhost:6333/dashboard

2024-09-24T14:01:00.652893Z  INFO storage::content_manager::consensus::persistent: Initializing new raft state at ./storage/raft_state.json    
2024-09-24T14:01:00.680429Z DEBUG storage::content_manager::consensus::persistent: State: Persistent { state: RaftState { hard_state: HardState { term: 0, vote: 0, commit: 0 }, conf_state: ConfState { voters: [41094239551838], learners: [], voters_outgoing: [], learners_next: [], auto_leave: false } }, latest_snapshot_meta: SnapshotMetadataSer { term: 0, index: 0 }, apply_progress_queue: EntryApplyProgressQueue(None), peer_address_by_id: RwLock { data: {} }, peer_metadata_by_id: RwLock { data: {} }, cluster_metadata: {}, this_peer_id: 41094239551838, path: "./storage/raft_state.json", dirty: false }    
2024-09-24T14:01:00.797198Z  INFO qdrant: Distributed mode disabled    
2024-09-24T14:01:00.798357Z  INFO qdrant: Telemetry reporting disabled    
2024-09-24T14:01:00.803054Z DEBUG qdrant: Waiting for thread web to finish    
2024-09-24T14:01:00.813675Z  INFO qdrant::tonic: Qdrant gRPC listening on 6334    
2024-09-24T14:01:00.813697Z  INFO qdrant::tonic: TLS disabled for gRPC API    
2024-09-24T14:01:00.814532Z  WARN qdrant::actix::web_ui: Static content folder for Web UI './static' does not exist    
2024-09-24T14:01:00.816298Z  INFO qdrant::actix: TLS disabled for REST API    
2024-09-24T14:01:00.817018Z  INFO qdrant::actix: Qdrant HTTP listening on 6333    
2024-09-24T14:01:00.817294Z  INFO actix_server::builder: Starting 11 workers
2024-09-24T14:01:00.817301Z  INFO actix_server::server: Actix runtime found; starting in Actix runtime
2024-09-24T14:01:10.628142Z  INFO storage::content_manager::toc::collection_meta_ops: Deleting collection default    
2024-09-24T14:01:10.631055Z  INFO actix_web::middleware::logger: 127.0.0.1 "DELETE /collections/default HTTP/1.1" 200 48 "-" "curl/7.81.0" 0.011553    
2024-09-24T14:01:13.232245Z DEBUG qdrant::actix::api::snapshot_api: Creating missing collection snapshots directory for default    
2024-09-24T14:01:13.248199Z DEBUG storage::content_manager::snapshots::recover: Downloading snapshot from file:///home/vansh/gaianet/qdrant/snapshots/default/default.snapshot to /home/vansh/gaianet/qdrant/./snapshots/tmp/download-KREZAL    
2024-09-24T14:01:13.248562Z DEBUG storage::content_manager::snapshots::recover: Snapshot downloaded to /home/vansh/gaianet/qdrant/snapshots/default/default.snapshot    
2024-09-24T14:01:13.252229Z DEBUG storage::content_manager::snapshots::recover: Recovering collection default from snapshot /home/vansh/gaianet/qdrant/snapshots/default/default.snapshot    
2024-09-24T14:01:13.252251Z DEBUG storage::content_manager::snapshots::recover: Unpacking snapshot to /home/vansh/gaianet/qdrant/./storage/tmp/col-default-recovery-97L6bx    
2024-09-24T14:01:20.981732Z DEBUG storage::content_manager::snapshots::recover: Collection default does not exist, creating it    
2024-09-24T14:01:20.984543Z  INFO storage::content_manager::toc::collection_meta_ops: Creating collection default    
2024-09-24T14:01:21.885083Z DEBUG collection::collection: Changing shard default:0 replica state from Some(Initializing) to Active    
2024-09-24T14:01:21.885142Z DEBUG collection::shards::replica_set: Changing local shard default:0 state from Some(Initializing) to Active    
2024-09-24T14:01:21.903721Z DEBUG storage::content_manager::snapshots::recover: Recovering shard 0 from /home/vansh/gaianet/qdrant/./storage/tmp/col-default-recovery-97L6bx/0    
2024-09-24T14:01:21.907970Z DEBUG collection::update_handler: Stopping flush worker.    
2024-09-24T14:01:22.273963Z  INFO collection::shards::local_shard: Recovering collection default: 0/1 (0%)    
2024-09-24T14:01:22.408727Z  INFO collection::shards::local_shard: Recovered collection default: 1/1 (100%)    
2024-09-24T14:01:22.426057Z DEBUG storage::content_manager::snapshots::recover: Activating shard 0 of collection default locally    
2024-09-24T14:01:22.426110Z DEBUG collection::collection: Changing shard default:0 replica state from Some(Active) to Active    
2024-09-24T14:01:22.426119Z DEBUG collection::shards::replica_set: Changing local shard default:0 state from Some(Active) to Active    
2024-09-24T14:01:22.442885Z  INFO actix_web::middleware::logger: 127.0.0.1 "POST /collections/default/snapshots/upload?priority=snapshot HTTP/1.1" 200 48 "-" "curl/7.81.0" 9.827171    
2024-09-24T14:01:27.458712Z DEBUG qdrant::tonic: Stopping gRPC service on SIGTERM    
2024-09-24T14:01:27.458745Z  INFO actix_server::server: SIGTERM received; starting graceful shutdown
2024-09-24T14:01:27.458836Z  INFO actix_server::worker: Shutting down idle worker
2024-09-24T14:01:27.458875Z  INFO actix_server::worker: Shutting down idle worker
2024-09-24T14:01:27.458933Z  INFO actix_server::worker: Shutting down idle worker
2024-09-24T14:01:27.458944Z  INFO actix_server::worker: Shutting down idle worker
2024-09-24T14:01:27.458944Z  INFO actix_server::worker: Shutting down idle worker
2024-09-24T14:01:27.458971Z  INFO actix_server::worker: Shutting down idle worker
2024-09-24T14:01:27.458972Z  INFO actix_server::worker: Shutting down idle worker
2024-09-24T14:01:27.459010Z  INFO actix_server::worker: Shutting down idle worker
2024-09-24T14:01:27.459007Z  INFO actix_server::worker: Shutting down idle worker
2024-09-24T14:01:27.459380Z  INFO actix_server::worker: Shutting down idle worker
2024-09-24T14:01:27.459419Z  INFO actix_server::worker: Shutting down idle worker
2024-09-24T14:01:27.459559Z DEBUG actix_server::accept: Paused accepting connections on 127.0.0.1:6333
2024-09-24T14:01:27.459617Z  INFO actix_server::accept: Accept thread stopped
2024-09-24T14:01:27.764793Z DEBUG qdrant: Waiting for thread grpc to finish    
2024-09-24T14:01:27.765420Z DEBUG collection::update_handler: Stopping flush worker.    
